
Increasing list of 2 word ngrams and counts
-------------------------------------------
where abundance, 1
but flowers, 1
with weary, 1
thou leave, 1
sunken eyes, 1
abundance lies, 1
unthrifty loveliness, 1
grave and, 1
look another, 1
are from, 1
are free, 1
die single, 1
gaze where, 1
pity the, 1
now is, 1
summer ere, 1
youth in, 1
middle age, 1
times thy, 1
used lives, 1
pay the, 1
given thee, 1
music to, 1
climbed the, 1
him there, 1
another way, 1
and thee, 1
and that, 1
and tell, 1
canst not, 1
be gone, 1
be the, 1
but when, 1
liquid prisoner, 1
sap checked, 1
his new-appearing, 1
be not, 1
be new, 1
lusty leaves, 1
tyrants to, 1
now converted, 1
get a, 1
usurer why, 1
churl mak'st, 1
unused beauty, 1
shall sum, 1
when from, 1
calls thee, 1
war not, 1
the tillage, 1
despite of, 1
the steep-up, 1
then being, 1
forbidden usury, 1
happier than, 1
be it, 1
self were, 1
shalt see, 1
their show, 1
as the, 1
self to, 1
still lives, 1
weed of, 1
with winter, 1
thy youth's, 1
small worth, 1
thou live, 1
audit canst, 1
an all-eating, 1
looks his, 1
beauty's field, 1
happier be, 1
frank she, 1
own bud, 1
with thy, 1
his sacred, 1
dies with, 1
beauty by, 1
when nature, 1
fair child, 1
mother's glass, 1
sum of, 1
sum my, 1
thee living, 1
else this, 1
another thee, 1
fairest creatures, 1
self-substantial fuel, 1
hours that, 1
doth excel, 1
youth's proud, 1
world's due, 1
sweets with, 1
not forbidden, 1
thou of, 1
pent in, 1
thou be, 1
eat the, 1
under eye, 1
of his, 1
of her, 1
desire increase, 1
of mine, 1
were happier, 1
of small, 1
highmost pitch, 1
buriest thy, 1
warm when, 1
praise deserved, 1
for thy, 1
on now, 1
flowers distilled, 1
whose fresh, 1
the treasure, 1
for one, 1
winter and, 1
thine heir, 1
might never, 1
on his, 1
shall besiege, 1
tell the, 1
the riper, 1
were to, 1
were an, 1
music sadly, 1
looks adore, 1
more praise, 1
those hours, 1
not to, 1
with beauty, 1
light lifts, 1
fore duteous, 1
how much, 1
thy blood, 1
tillage of, 1
sums yet, 1
remembered not, 1
thou use, 1
with beauty's, 1
but if, 1
but as, 1
and thriftless, 1
thou abuse, 1
self-love to, 1
conquest and, 1
thou not, 1
a sum, 1
a son, 1
make my, 1
tattered weed, 1
thy summer, 1
from the, 1
but their, 1
the willing, 1
but thou, 1
leaves quite, 1
fresh repair, 1
the bounteous, 1
tender heir, 1
his self-love, 1
thou get, 1
the tyrants, 1
to breed, 1
from his, 1
to those, 1
doth homage, 1
distillation left, 1
to thine, 1
too fair, 1
uneared womb, 1
serving with, 1
homage to, 1
bareness every, 1
left a, 1
which used, 1
new made, 1
ten for, 1
so great, 1
lovely gaze, 1
old excuse, 1
answer 'this, 1
art thy, 1
thy content, 1
repair if, 1
joy delights, 1
beauty o'er-snowed, 1
age shalt, 1
wrinkles this, 1
self too, 1
art old, 1
with looks, 1
art now, 1
ragged hand, 1
steep-up heavenly, 1
beauty's effect, 1
with frost, 1
those that, 1
living in, 1
willing loan, 1
what acceptable, 1
play the, 1
and tender, 1
which happies, 1
golden pilgrimage, 1
and she, 1
and see, 1
deserved thy, 1
might bear, 1
with self-substantial, 1
much too, 1
frost and, 1
fresh ornament, 1
in walls, 1
trenches in, 1
nor no, 1
nor it, 1
leaving thee, 1
forty winters, 1
live remembered, 1
weary car, 1
famine where, 1
womb disdains, 1
by succession, 1
and only, 1
and dig, 1
be death's, 1
were bereft, 1
checked with, 1
for where, 1
calls back, 1
every where, 1
leese but, 1
death do, 1
but doth, 1
thy glass, 1
dig deep, 1
thy brow, 1
hear'st thou, 1
that use, 1
leads summer, 1
the very, 1
summer's distillation, 1
thy foe, 1
hideous winter, 1
that pay, 1
mak'st waste, 1
largess given, 1
thine ten, 1
lifts up, 1
diest unless, 1
mine shall, 1
converted are, 1
it be, 1
thou music, 1
winters shall, 1
thee calls, 1
art much, 1
now thou, 1
to hear, 1
reeleth from, 1
beauty's treasure, 1
deep trenches, 1
not winter's, 1
that art, 1
should form, 1
dost deceive, 1
self dost, 1
all-eating shame, 1
flame with, 1
times refigured, 1
to thy, 1
we desire, 1
proud livery, 1
to say, 1
thine age, 1
beauty still, 1
when forty, 1
unfair which, 1
nature's bequest, 1
only herald, 1
feed'st thy, 1
being asked, 1
beauty must, 1
upon thy, 1
then beauteous, 1
ere thou, 1
executor to, 1
times happier, 1
to his, 1
will play, 1
the orient, 1
whose uneared, 1
look in, 1
thy mother's, 1
fairly doth, 1
deep sunken, 1
tract and, 1
canst thou, 1
to eat, 1
those are, 1
and confounds, 1
so gazed, 1
tender churl, 1
so fond, 1
beauty's rose, 1
own bright, 1
and having, 1
is he, 1
time leads, 1
to give, 1
what could, 1
this were, 1
each under, 1
like feeble, 1
distilled though, 1
or else, 1
walls of, 1
thy husbandry, 1
gracious light, 1
so fair, 1
his burning, 1
though they, 1
single and, 1
the tomb, 1
for never-resting, 1
where every, 1
never-resting time, 1
how when, 1
bequest gives, 1
burning head, 1
were not, 1
the time, 1
thy noon, 1
breed another, 1
unlooked on, 1
he reeleth, 1
than thou, 1
she so, 1
she in, 1
let not, 1
thou that, 1
on diest, 1
his memory, 1
could death, 1
confounds him, 1
doth lend, 1
sweet some, 1
treasure thou, 1
his golden, 1
nothing but, 1
treasure of, 1
remembrance what, 1
see thy, 1
the face, 1
it was, 1
too cruel, 1
child of, 1
beauty lies, 1
then let, 1
it ten, 1
and being, 1
beauty's use, 1
feeble age, 1
gazed on, 1
then how, 1
worms thine, 1
thou spend, 1
lovely april, 1
the eyes, 1
it nor, 1
his low, 1
then what, 1
and look, 1
then were, 1
shouldst depart, 1
face should, 1
doth dwell, 1
say within, 1
thou some, 1
they with, 1
great a, 1
in posterity, 1
by the, 1
this thy, 1
treasure ere, 1
his tender, 1
which fairly, 1
to stop, 1
self-willed for, 1
creatures we, 1
ere it, 1
self out-going, 1
on to, 1
frame the, 1
face thou, 1
not summer's, 1
thriftless praise, 1
where is, 1
be distilled, 1
besiege thy, 1
sweets war, 1
my old, 1
what it, 1
do if, 1
livery so, 1
some vial, 1
effect with, 1
attending on, 1
waste in, 1
her prime, 1
own deep, 1
winter's ragged, 1
thy beauty, 1
nature calls, 1
lives th, 1
to hideous, 1
lives sweet, 1
and thine, 1
lo in, 1
this glutton, 1
that unfair, 1
with sweets, 1
blood warm, 1
dost beguile, 1
fair whose, 1
bright eyes, 1
and lusty, 1
the grave, 1
thou dost, 1
or who, 1
disdains the, 1
bounteous largess, 1
substance still, 1
or ten, 1
and bareness, 1
low tract, 1
hand deface, 1
loveliness why, 1
rose might, 1
herald to, 1
mortal looks, 1
being frank, 1
by time, 1
that with, 1
orient when, 1
back the, 1
it cold, 1
of glass, 1
o'er-snowed and, 1
of sums, 1
sacred majesty, 1
this fair, 1
thy unused, 1
delights in, 1
worth held, 1
his middle, 1
be self-killed, 1
glutton be, 1
contracted to, 1
beguile the, 1
ten of, 1
who is, 1
having traffic, 1
beauty's legacy, 1
time decease, 1
self alone, 1
thou shouldst, 1
of wrinkles, 1
unbless some, 1
thou through, 1
that's for, 1
if ten, 1
adore his, 1
in niggarding, 1
image dies, 1
beauty were, 1
light's flame, 1
the gracious, 1
windows of, 1
golden time, 1
must be, 1
if now, 1
heir might, 1
heavenly hill, 1
some mother, 1
age he, 1
feel'st it, 1
yet canst, 1
in the, 1
thou contracted, 1
refigured thee, 1
world's fresh, 1
every eye, 1
having climbed, 1
niggard why, 1
be tombed, 1
not live, 1
a tattered, 1
made when, 1
a famine, 1
in joy, 1
happies those, 1
in his, 1
riper should, 1
thy golden, 1
strong youth, 1
death's conquest, 1
form another, 1
be a, 1
pitch with, 1
should by, 1
prisoner pent, 1
gentle work, 1
for having, 1
up his, 1
from highmost, 1
now the, 1
unless thou, 1
traffic with, 1
thy lusty, 1
the day, 1
succession thine, 1
proving his, 1
resembling strong, 1
their substance, 1
yet mortal, 1
the gaudy, 1
time that, 1
why hear'st, 1
he so, 1
for thou, 1
not self-willed, 1
from fairest, 1
thereby beauty's, 1
make sweet, 1
new-appearing sight, 1
thine image, 1
did frame, 1
some place, 1
when the, 1
thou feel'st, 1
thee thy, 1
gaudy spring, 1
gives nothing, 1
profitless usurer, 1
that thereby, 1
a liquid, 1
thou viewest, 1
all thy, 1
all the, 1
thou couldst, 1
out-going in, 1
use so, 1
use is, 1
not renewest, 1
much more, 1
bear his, 1
winter meet, 1
no remembrance, 1
couldst answer, 1
very same, 1
my count, 1
eyes (fore, 1
with gentle, 1
tombed with, 1
through windows, 1
make worms, 1
is the, 1
lends to, 1
that face, 1
is she, 1
stop posterity, 1
beauteous niggard, 1
summer on, 1
dwell will, 1
thy light's, 1
april of, 1
is not, 1
acceptable audit, 1
never die, 1
bud buriest, 1
making a, 1
lusty days, 1
she lends, 1
work did, 1
quite gone, 1
fond will, 1
thee to, 2
eye doth, 2
when thou, 2
in thee, 2
thy sweet, 2
within thine, 2
of thine, 2
his beauty, 2
where all, 2
the world's, 2
to the, 2
the lovely, 2
so thou, 2
and make, 2
sweet self, 2
with thee, 2
will be, 2
the world, 2
glass and, 2
of thy, 3
if thou, 3
self thy, 3
thine own, 3
why dost, 3
dost thou, 3
ten times, 3
in thy, 3
thy beauty's, 3
thou art, 4
to be, 5
thy self, 7
